[2024-11-20 15:37:33] local.ERROR: Carbon\Carbon::setLastErrors(): Argument #1 ($lastErrors) must be of type array, false given, called in /Users/macbook/Downloads/Fixr/vendor/nesbot/carbon/src/Carbon/Traits/Creator.php on line 98 {"exception":"[object] (TypeError(code: 0): Carbon\\Carbon::setLastErrors(): Argument #1 ($lastErrors) must be of type array, false given, called in /Users/macbook/Downloads/Fixr/vendor/nesbot/carbon/src/Carbon/Traits/Creator.php on line 98 at /Users/macbook/Downloads/Fixr/vendor/nesbot/carbon/src/Carbon/Traits/Creator.php:928)
[stacktrace]
#0 /Users/macbook/Downloads/Fixr/vendor/nesbot/carbon/src/Carbon/Traits/Creator.php(98): Carbon\\Carbon::setLastErrors(false)
#1 /Users/macbook/Downloads/Fixr/vendor/nesbot/carbon/src/Carbon/Traits/Creator.php(252): Carbon\\Carbon->__construct(NULL, NULL)
#2 /Users/macbook/Downloads/Fixr/vendor/spatie/laravel-package-tools/src/PackageServiceProvider.php(71): Carbon\\Carbon::now()
#3 /Users/macbook/Downloads/Fixr/vendor/laravel/framework/src/Illuminate/Container/BoundMethod.php(36): Spatie\\LaravelPackageTools\\PackageServiceProvider->boot()
#4 /Users/macbook/Downloads/Fixr/vendor/laravel/framework/src/Illuminate/Container/Util.php(40): Illuminate\\Container\\BoundMethod::Illuminate\\Container\\{closure}()
#5 /Users/macbook/Downloads/Fixr/vendor/laravel/framework/src/Illuminate/Container/BoundMethod.php(93): Illuminate\\Container\\Util::unwrapIfClosure(Object(Closure))
#6 /Users/macbook/Downloads/Fixr/vendor/laravel/framework/src/Illuminate/Container/BoundMethod.php(35): Illuminate\\Container\\BoundMethod::callBoundMethod(Object(Illuminate\\Foundation\\Application), Array, Object(Closure))
#7 /Users/macbook/Downloads/Fixr/vendor/laravel/framework/src/Illuminate/Container/Container.php(653): Illuminate\\Container\\BoundMethod::call(Object(Illuminate\\Foundation\\Application), Array, Array, NULL)
#8 /Users/macbook/Downloads/Fixr/vendor/laravel/framework/src/Illuminate/Foundation/Application.php(914): Illuminate\\Container\\Container->call(Array)
#9 /Users/macbook/Downloads/Fixr/vendor/laravel/framework/src/Illuminate/Foundation/Application.php(895): Illuminate\\Foundation\\Application->bootProvider(Object(Spatie\\Activitylog\\ActivitylogServiceProvider))
#10 [internal function]: Illuminate\\Foundation\\Application->Illuminate\\Foundation\\{closure}(Object(Spatie\\Activitylog\\ActivitylogServiceProvider), 29)
#11 /Users/macbook/Downloads/Fixr/vendor/laravel/framework/src/Illuminate/Foundation/Application.php(894): array_walk(Array, Object(Closure))
#12 /Users/macbook/Downloads/Fixr/vendor/laravel/framework/src/Illuminate/Foundation/Bootstrap/BootProviders.php(17): Illuminate\\Foundation\\Application->boot()
#13 /Users/macbook/Downloads/Fixr/vendor/laravel/framework/src/Illuminate/Foundation/Application.php(237): Illuminate\\Foundation\\Bootstrap\\BootProviders->bootstrap(Object(Illuminate\\Foundation\\Application))
#14 /Users/macbook/Downloads/Fixr/vendor/laravel/framework/src/Illuminate/Foundation/Console/Kernel.php(310): Illuminate\\Foundation\\Application->bootstrapWith(Array)
#15 /Users/macbook/Downloads/Fixr/vendor/laravel/framework/src/Illuminate/Foundation/Console/Kernel.php(127): Illuminate\\Foundation\\Console\\Kernel->bootstrap()
#16 /Users/macbook/Downloads/Fixr/artisan(35): Illuminate\\Foundation\\Console\\Kernel->handle(Object(Symfony\\Component\\Console\\Input\\ArgvInput), Object(Symfony\\Component\\Console\\Output\\ConsoleOutput))
#17 {main}
"} 
[2024-11-20 15:37:33] local.ERROR: Uncaught Whoops\Exception\ErrorException: Using ${var} in strings is deprecated, use {$var} instead in /Users/macbook/Downloads/Fixr/vendor/facade/ignition/src/SolutionProviders/MergeConflictSolutionProvider.php:52
Stack trace:
#0 /Users/macbook/Downloads/Fixr/vendor/composer/ClassLoader.php(571): Whoops\Run->handleError(8192, 'Using ${var} in...', '/Users/macbook/...', 52)
#1 /Users/macbook/Downloads/Fixr/vendor/composer/ClassLoader.php(571): include()
#2 /Users/macbook/Downloads/Fixr/vendor/composer/ClassLoader.php(428): Composer\Autoload\includeFile('/Users/macbook/...')
#3 [internal function]: Composer\Autoload\ClassLoader->loadClass('Facade\\Ignition...')
#4 /Users/macbook/Downloads/Fixr/vendor/facade/ignition/src/SolutionProviders/SolutionProviderRepository.php(50): class_implements('Facade\\Ignition...')
#5 [internal function]: Facade\Ignition\SolutionProviders\SolutionProviderRepository->Facade\Ignition\SolutionProviders\{closure}('Facade\\Ignition...', 10)
#6 /Users/macbook/Downloads/Fixr/vendor/laravel/framework/src/Illuminate/Collections/Arr.php(700): array_filter(Array, Object(Closure), 1)
#7 /Users/macbook/Downloads/Fixr/vendor/laravel/framework/src/Illuminate/Collections/Collection.php(345): Illuminate\Support\Arr::where(Array, Object(Closure))
#8 /Users/macbook/Downloads/Fixr/vendor/facade/ignition/src/SolutionProviders/SolutionProviderRepository.php(49): Illuminate\Support\Collection->filter(Object(Closure))
#9 /Users/macbook/Downloads/Fixr/vendor/nunomaduro/collision/src/Adapters/Laravel/IgnitionSolutionsRepository.php(36): Facade\Ignition\SolutionProviders\SolutionProviderRepository->getSolutionsForThrowable(Object(Whoops\Exception\ErrorException))
#10 /Users/macbook/Downloads/Fixr/vendor/nunomaduro/collision/src/Writer.php(244): NunoMaduro\Collision\Adapters\Laravel\IgnitionSolutionsRepository->getFromThrowable(Object(Whoops\Exception\ErrorException))
#11 /Users/macbook/Downloads/Fixr/vendor/nunomaduro/collision/src/Writer.php(123): NunoMaduro\Collision\Writer->renderSolution(Object(Whoops\Exception\Inspector))
#12 /Users/macbook/Downloads/Fixr/vendor/nunomaduro/collision/src/Handler.php(39): NunoMaduro\Collision\Writer->write(Object(Whoops\Exception\Inspector))
#13 /Users/macbook/Downloads/Fixr/vendor/filp/whoops/src/Whoops/Run.php(370): NunoMaduro\Collision\Handler->handle(Object(Whoops\Exception\ErrorException))
#14 [internal function]: Whoops\Run->handleException(Object(Whoops\Exception\ErrorException))
#15 {main}
  thrown {"exception":"[object] (Symfony\\Component\\ErrorHandler\\Error\\FatalError(code: 0): Uncaught Whoops\\Exception\\ErrorException: Using ${var} in strings is deprecated, use {$var} instead in /Users/macbook/Downloads/Fixr/vendor/facade/ignition/src/SolutionProviders/MergeConflictSolutionProvider.php:52
Stack trace:
#0 /Users/macbook/Downloads/Fixr/vendor/composer/ClassLoader.php(571): Whoops\\Run->handleError(8192, 'Using ${var} in...', '/Users/macbook/...', 52)
#1 /Users/macbook/Downloads/Fixr/vendor/composer/ClassLoader.php(571): include()
#2 /Users/macbook/Downloads/Fixr/vendor/composer/ClassLoader.php(428): Composer\\Autoload\\includeFile('/Users/macbook/...')
#3 [internal function]: Composer\\Autoload\\ClassLoader->loadClass('Facade\\\\Ignition...')
#4 /Users/macbook/Downloads/Fixr/vendor/facade/ignition/src/SolutionProviders/SolutionProviderRepository.php(50): class_implements('Facade\\\\Ignition...')
#5 [internal function]: Facade\\Ignition\\SolutionProviders\\SolutionProviderRepository->Facade\\Ignition\\SolutionProviders\\{closure}('Facade\\\\Ignition...', 10)
#6 /Users/macbook/Downloads/Fixr/vendor/laravel/framework/src/Illuminate/Collections/Arr.php(700): array_filter(Array, Object(Closure), 1)
#7 /Users/macbook/Downloads/Fixr/vendor/laravel/framework/src/Illuminate/Collections/Collection.php(345): Illuminate\\Support\\Arr::where(Array, Object(Closure))
#8 /Users/macbook/Downloads/Fixr/vendor/facade/ignition/src/SolutionProviders/SolutionProviderRepository.php(49): Illuminate\\Support\\Collection->filter(Object(Closure))
#9 /Users/macbook/Downloads/Fixr/vendor/nunomaduro/collision/src/Adapters/Laravel/IgnitionSolutionsRepository.php(36): Facade\\Ignition\\SolutionProviders\\SolutionProviderRepository->getSolutionsForThrowable(Object(Whoops\\Exception\\ErrorException))
#10 /Users/macbook/Downloads/Fixr/vendor/nunomaduro/collision/src/Writer.php(244): NunoMaduro\\Collision\\Adapters\\Laravel\\IgnitionSolutionsRepository->getFromThrowable(Object(Whoops\\Exception\\ErrorException))
#11 /Users/macbook/Downloads/Fixr/vendor/nunomaduro/collision/src/Writer.php(123): NunoMaduro\\Collision\\Writer->renderSolution(Object(Whoops\\Exception\\Inspector))
#12 /Users/macbook/Downloads/Fixr/vendor/nunomaduro/collision/src/Handler.php(39): NunoMaduro\\Collision\\Writer->write(Object(Whoops\\Exception\\Inspector))
#13 /Users/macbook/Downloads/Fixr/vendor/filp/whoops/src/Whoops/Run.php(370): NunoMaduro\\Collision\\Handler->handle(Object(Whoops\\Exception\\ErrorException))
#14 [internal function]: Whoops\\Run->handleException(Object(Whoops\\Exception\\ErrorException))
#15 {main}
  thrown at /Users/macbook/Downloads/Fixr/vendor/facade/ignition/src/SolutionProviders/MergeConflictSolutionProvider.php:52)
[stacktrace]
#0 {main}
"} 
[2024-11-20 15:37:35] local.ERROR: Carbon\Carbon::setLastErrors(): Argument #1 ($lastErrors) must be of type array, false given, called in /Users/macbook/Downloads/Fixr/vendor/nesbot/carbon/src/Carbon/Traits/Creator.php on line 98 {"exception":"[object] (TypeError(code: 0): Carbon\\Carbon::setLastErrors(): Argument #1 ($lastErrors) must be of type array, false given, called in /Users/macbook/Downloads/Fixr/vendor/nesbot/carbon/src/Carbon/Traits/Creator.php on line 98 at /Users/macbook/Downloads/Fixr/vendor/nesbot/carbon/src/Carbon/Traits/Creator.php:928)
[stacktrace]
#0 /Users/macbook/Downloads/Fixr/vendor/nesbot/carbon/src/Carbon/Traits/Creator.php(98): Carbon\\Carbon::setLastErrors(false)
#1 /Users/macbook/Downloads/Fixr/vendor/nesbot/carbon/src/Carbon/Traits/Creator.php(252): Carbon\\Carbon->__construct(NULL, NULL)
#2 /Users/macbook/Downloads/Fixr/vendor/spatie/laravel-package-tools/src/PackageServiceProvider.php(71): Carbon\\Carbon::now()
#3 /Users/macbook/Downloads/Fixr/vendor/laravel/framework/src/Illuminate/Container/BoundMethod.php(36): Spatie\\LaravelPackageTools\\PackageServiceProvider->boot()
#4 /Users/macbook/Downloads/Fixr/vendor/laravel/framework/src/Illuminate/Container/Util.php(40): Illuminate\\Container\\BoundMethod::Illuminate\\Container\\{closure}()
#5 /Users/macbook/Downloads/Fixr/vendor/laravel/framework/src/Illuminate/Container/BoundMethod.php(93): Illuminate\\Container\\Util::unwrapIfClosure(Object(Closure))
#6 /Users/macbook/Downloads/Fixr/vendor/laravel/framework/src/Illuminate/Container/BoundMethod.php(35): Illuminate\\Container\\BoundMethod::callBoundMethod(Object(Illuminate\\Foundation\\Application), Array, Object(Closure))
#7 /Users/macbook/Downloads/Fixr/vendor/laravel/framework/src/Illuminate/Container/Container.php(653): Illuminate\\Container\\BoundMethod::call(Object(Illuminate\\Foundation\\Application), Array, Array, NULL)
#8 /Users/macbook/Downloads/Fixr/vendor/laravel/framework/src/Illuminate/Foundation/Application.php(914): Illuminate\\Container\\Container->call(Array)
#9 /Users/macbook/Downloads/Fixr/vendor/laravel/framework/src/Illuminate/Foundation/Application.php(895): Illuminate\\Foundation\\Application->bootProvider(Object(Spatie\\Activitylog\\ActivitylogServiceProvider))
#10 [internal function]: Illuminate\\Foundation\\Application->Illuminate\\Foundation\\{closure}(Object(Spatie\\Activitylog\\ActivitylogServiceProvider), 29)
#11 /Users/macbook/Downloads/Fixr/vendor/laravel/framework/src/Illuminate/Foundation/Application.php(894): array_walk(Array, Object(Closure))
#12 /Users/macbook/Downloads/Fixr/vendor/laravel/framework/src/Illuminate/Foundation/Bootstrap/BootProviders.php(17): Illuminate\\Foundation\\Application->boot()
#13 /Users/macbook/Downloads/Fixr/vendor/laravel/framework/src/Illuminate/Foundation/Application.php(237): Illuminate\\Foundation\\Bootstrap\\BootProviders->bootstrap(Object(Illuminate\\Foundation\\Application))
#14 /Users/macbook/Downloads/Fixr/vendor/laravel/framework/src/Illuminate/Foundation/Console/Kernel.php(310): Illuminate\\Foundation\\Application->bootstrapWith(Array)
#15 /Users/macbook/Downloads/Fixr/vendor/laravel/framework/src/Illuminate/Foundation/Console/Kernel.php(127): Illuminate\\Foundation\\Console\\Kernel->bootstrap()
#16 /Users/macbook/Downloads/Fixr/artisan(35): Illuminate\\Foundation\\Console\\Kernel->handle(Object(Symfony\\Component\\Console\\Input\\ArgvInput), Object(Symfony\\Component\\Console\\Output\\ConsoleOutput))
#17 {main}
"} 
[2024-11-20 15:37:35] local.ERROR: Uncaught Whoops\Exception\ErrorException: Using ${var} in strings is deprecated, use {$var} instead in /Users/macbook/Downloads/Fixr/vendor/facade/ignition/src/SolutionProviders/MergeConflictSolutionProvider.php:52
Stack trace:
#0 /Users/macbook/Downloads/Fixr/vendor/composer/ClassLoader.php(571): Whoops\Run->handleError(8192, 'Using ${var} in...', '/Users/macbook/...', 52)
#1 /Users/macbook/Downloads/Fixr/vendor/composer/ClassLoader.php(571): include()
#2 /Users/macbook/Downloads/Fixr/vendor/composer/ClassLoader.php(428): Composer\Autoload\includeFile('/Users/macbook/...')
#3 [internal function]: Composer\Autoload\ClassLoader->loadClass('Facade\\Ignition...')
#4 /Users/macbook/Downloads/Fixr/vendor/facade/ignition/src/SolutionProviders/SolutionProviderRepository.php(50): class_implements('Facade\\Ignition...')
#5 [internal function]: Facade\Ignition\SolutionProviders\SolutionProviderRepository->Facade\Ignition\SolutionProviders\{closure}('Facade\\Ignition...', 10)
#6 /Users/macbook/Downloads/Fixr/vendor/laravel/framework/src/Illuminate/Collections/Arr.php(700): array_filter(Array, Object(Closure), 1)
#7 /Users/macbook/Downloads/Fixr/vendor/laravel/framework/src/Illuminate/Collections/Collection.php(345): Illuminate\Support\Arr::where(Array, Object(Closure))
#8 /Users/macbook/Downloads/Fixr/vendor/facade/ignition/src/SolutionProviders/SolutionProviderRepository.php(49): Illuminate\Support\Collection->filter(Object(Closure))
#9 /Users/macbook/Downloads/Fixr/vendor/nunomaduro/collision/src/Adapters/Laravel/IgnitionSolutionsRepository.php(36): Facade\Ignition\SolutionProviders\SolutionProviderRepository->getSolutionsForThrowable(Object(Whoops\Exception\ErrorException))
#10 /Users/macbook/Downloads/Fixr/vendor/nunomaduro/collision/src/Writer.php(244): NunoMaduro\Collision\Adapters\Laravel\IgnitionSolutionsRepository->getFromThrowable(Object(Whoops\Exception\ErrorException))
#11 /Users/macbook/Downloads/Fixr/vendor/nunomaduro/collision/src/Writer.php(123): NunoMaduro\Collision\Writer->renderSolution(Object(Whoops\Exception\Inspector))
#12 /Users/macbook/Downloads/Fixr/vendor/nunomaduro/collision/src/Handler.php(39): NunoMaduro\Collision\Writer->write(Object(Whoops\Exception\Inspector))
#13 /Users/macbook/Downloads/Fixr/vendor/filp/whoops/src/Whoops/Run.php(370): NunoMaduro\Collision\Handler->handle(Object(Whoops\Exception\ErrorException))
#14 [internal function]: Whoops\Run->handleException(Object(Whoops\Exception\ErrorException))
#15 {main}
  thrown {"exception":"[object] (Symfony\\Component\\ErrorHandler\\Error\\FatalError(code: 0): Uncaught Whoops\\Exception\\ErrorException: Using ${var} in strings is deprecated, use {$var} instead in /Users/macbook/Downloads/Fixr/vendor/facade/ignition/src/SolutionProviders/MergeConflictSolutionProvider.php:52
Stack trace:
#0 /Users/macbook/Downloads/Fixr/vendor/composer/ClassLoader.php(571): Whoops\\Run->handleError(8192, 'Using ${var} in...', '/Users/macbook/...', 52)
#1 /Users/macbook/Downloads/Fixr/vendor/composer/ClassLoader.php(571): include()
#2 /Users/macbook/Downloads/Fixr/vendor/composer/ClassLoader.php(428): Composer\\Autoload\\includeFile('/Users/macbook/...')
#3 [internal function]: Composer\\Autoload\\ClassLoader->loadClass('Facade\\\\Ignition...')
#4 /Users/macbook/Downloads/Fixr/vendor/facade/ignition/src/SolutionProviders/SolutionProviderRepository.php(50): class_implements('Facade\\\\Ignition...')
#5 [internal function]: Facade\\Ignition\\SolutionProviders\\SolutionProviderRepository->Facade\\Ignition\\SolutionProviders\\{closure}('Facade\\\\Ignition...', 10)
#6 /Users/macbook/Downloads/Fixr/vendor/laravel/framework/src/Illuminate/Collections/Arr.php(700): array_filter(Array, Object(Closure), 1)
#7 /Users/macbook/Downloads/Fixr/vendor/laravel/framework/src/Illuminate/Collections/Collection.php(345): Illuminate\\Support\\Arr::where(Array, Object(Closure))
#8 /Users/macbook/Downloads/Fixr/vendor/facade/ignition/src/SolutionProviders/SolutionProviderRepository.php(49): Illuminate\\Support\\Collection->filter(Object(Closure))
#9 /Users/macbook/Downloads/Fixr/vendor/nunomaduro/collision/src/Adapters/Laravel/IgnitionSolutionsRepository.php(36): Facade\\Ignition\\SolutionProviders\\SolutionProviderRepository->getSolutionsForThrowable(Object(Whoops\\Exception\\ErrorException))
#10 /Users/macbook/Downloads/Fixr/vendor/nunomaduro/collision/src/Writer.php(244): NunoMaduro\\Collision\\Adapters\\Laravel\\IgnitionSolutionsRepository->getFromThrowable(Object(Whoops\\Exception\\ErrorException))
#11 /Users/macbook/Downloads/Fixr/vendor/nunomaduro/collision/src/Writer.php(123): NunoMaduro\\Collision\\Writer->renderSolution(Object(Whoops\\Exception\\Inspector))
#12 /Users/macbook/Downloads/Fixr/vendor/nunomaduro/collision/src/Handler.php(39): NunoMaduro\\Collision\\Writer->write(Object(Whoops\\Exception\\Inspector))
#13 /Users/macbook/Downloads/Fixr/vendor/filp/whoops/src/Whoops/Run.php(370): NunoMaduro\\Collision\\Handler->handle(Object(Whoops\\Exception\\ErrorException))
#14 [internal function]: Whoops\\Run->handleException(Object(Whoops\\Exception\\ErrorException))
#15 {main}
  thrown at /Users/macbook/Downloads/Fixr/vendor/facade/ignition/src/SolutionProviders/MergeConflictSolutionProvider.php:52)
[stacktrace]
#0 {main}
"} 
[2024-11-20 15:37:37] local.ERROR: Carbon\Carbon::setLastErrors(): Argument #1 ($lastErrors) must be of type array, false given, called in /Users/macbook/Downloads/Fixr/vendor/nesbot/carbon/src/Carbon/Traits/Creator.php on line 98 {"exception":"[object] (TypeError(code: 0): Carbon\\Carbon::setLastErrors(): Argument #1 ($lastErrors) must be of type array, false given, called in /Users/macbook/Downloads/Fixr/vendor/nesbot/carbon/src/Carbon/Traits/Creator.php on line 98 at /Users/macbook/Downloads/Fixr/vendor/nesbot/carbon/src/Carbon/Traits/Creator.php:928)
[stacktrace]
#0 /Users/macbook/Downloads/Fixr/vendor/nesbot/carbon/src/Carbon/Traits/Creator.php(98): Carbon\\Carbon::setLastErrors(false)
#1 /Users/macbook/Downloads/Fixr/vendor/nesbot/carbon/src/Carbon/Traits/Creator.php(252): Carbon\\Carbon->__construct(NULL, NULL)
#2 /Users/macbook/Downloads/Fixr/vendor/spatie/laravel-package-tools/src/PackageServiceProvider.php(71): Carbon\\Carbon::now()
#3 /Users/macbook/Downloads/Fixr/vendor/laravel/framework/src/Illuminate/Container/BoundMethod.php(36): Spatie\\LaravelPackageTools\\PackageServiceProvider->boot()
#4 /Users/macbook/Downloads/Fixr/vendor/laravel/framework/src/Illuminate/Container/Util.php(40): Illuminate\\Container\\BoundMethod::Illuminate\\Container\\{closure}()
#5 /Users/macbook/Downloads/Fixr/vendor/laravel/framework/src/Illuminate/Container/BoundMethod.php(93): Illuminate\\Container\\Util::unwrapIfClosure(Object(Closure))
#6 /Users/macbook/Downloads/Fixr/vendor/laravel/framework/src/Illuminate/Container/BoundMethod.php(35): Illuminate\\Container\\BoundMethod::callBoundMethod(Object(Illuminate\\Foundation\\Application), Array, Object(Closure))
#7 /Users/macbook/Downloads/Fixr/vendor/laravel/framework/src/Illuminate/Container/Container.php(653): Illuminate\\Container\\BoundMethod::call(Object(Illuminate\\Foundation\\Application), Array, Array, NULL)
#8 /Users/macbook/Downloads/Fixr/vendor/laravel/framework/src/Illuminate/Foundation/Application.php(914): Illuminate\\Container\\Container->call(Array)
#9 /Users/macbook/Downloads/Fixr/vendor/laravel/framework/src/Illuminate/Foundation/Application.php(895): Illuminate\\Foundation\\Application->bootProvider(Object(Spatie\\Activitylog\\ActivitylogServiceProvider))
#10 [internal function]: Illuminate\\Foundation\\Application->Illuminate\\Foundation\\{closure}(Object(Spatie\\Activitylog\\ActivitylogServiceProvider), 29)
#11 /Users/macbook/Downloads/Fixr/vendor/laravel/framework/src/Illuminate/Foundation/Application.php(894): array_walk(Array, Object(Closure))
#12 /Users/macbook/Downloads/Fixr/vendor/laravel/framework/src/Illuminate/Foundation/Bootstrap/BootProviders.php(17): Illuminate\\Foundation\\Application->boot()
#13 /Users/macbook/Downloads/Fixr/vendor/laravel/framework/src/Illuminate/Foundation/Application.php(237): Illuminate\\Foundation\\Bootstrap\\BootProviders->bootstrap(Object(Illuminate\\Foundation\\Application))
#14 /Users/macbook/Downloads/Fixr/vendor/laravel/framework/src/Illuminate/Foundation/Console/Kernel.php(310): Illuminate\\Foundation\\Application->bootstrapWith(Array)
#15 /Users/macbook/Downloads/Fixr/vendor/laravel/framework/src/Illuminate/Foundation/Console/Kernel.php(127): Illuminate\\Foundation\\Console\\Kernel->bootstrap()
#16 /Users/macbook/Downloads/Fixr/artisan(35): Illuminate\\Foundation\\Console\\Kernel->handle(Object(Symfony\\Component\\Console\\Input\\ArgvInput), Object(Symfony\\Component\\Console\\Output\\ConsoleOutput))
#17 {main}
"} 
[2024-11-20 15:37:37] local.ERROR: Uncaught Whoops\Exception\ErrorException: Using ${var} in strings is deprecated, use {$var} instead in /Users/macbook/Downloads/Fixr/vendor/facade/ignition/src/SolutionProviders/MergeConflictSolutionProvider.php:52
Stack trace:
#0 /Users/macbook/Downloads/Fixr/vendor/composer/ClassLoader.php(571): Whoops\Run->handleError(8192, 'Using ${var} in...', '/Users/macbook/...', 52)
#1 /Users/macbook/Downloads/Fixr/vendor/composer/ClassLoader.php(571): include()
#2 /Users/macbook/Downloads/Fixr/vendor/composer/ClassLoader.php(428): Composer\Autoload\includeFile('/Users/macbook/...')
#3 [internal function]: Composer\Autoload\ClassLoader->loadClass('Facade\\Ignition...')
#4 /Users/macbook/Downloads/Fixr/vendor/facade/ignition/src/SolutionProviders/SolutionProviderRepository.php(50): class_implements('Facade\\Ignition...')
#5 [internal function]: Facade\Ignition\SolutionProviders\SolutionProviderRepository->Facade\Ignition\SolutionProviders\{closure}('Facade\\Ignition...', 10)
#6 /Users/macbook/Downloads/Fixr/vendor/laravel/framework/src/Illuminate/Collections/Arr.php(700): array_filter(Array, Object(Closure), 1)
#7 /Users/macbook/Downloads/Fixr/vendor/laravel/framework/src/Illuminate/Collections/Collection.php(345): Illuminate\Support\Arr::where(Array, Object(Closure))
#8 /Users/macbook/Downloads/Fixr/vendor/facade/ignition/src/SolutionProviders/SolutionProviderRepository.php(49): Illuminate\Support\Collection->filter(Object(Closure))
#9 /Users/macbook/Downloads/Fixr/vendor/nunomaduro/collision/src/Adapters/Laravel/IgnitionSolutionsRepository.php(36): Facade\Ignition\SolutionProviders\SolutionProviderRepository->getSolutionsForThrowable(Object(Whoops\Exception\ErrorException))
#10 /Users/macbook/Downloads/Fixr/vendor/nunomaduro/collision/src/Writer.php(244): NunoMaduro\Collision\Adapters\Laravel\IgnitionSolutionsRepository->getFromThrowable(Object(Whoops\Exception\ErrorException))
#11 /Users/macbook/Downloads/Fixr/vendor/nunomaduro/collision/src/Writer.php(123): NunoMaduro\Collision\Writer->renderSolution(Object(Whoops\Exception\Inspector))
#12 /Users/macbook/Downloads/Fixr/vendor/nunomaduro/collision/src/Handler.php(39): NunoMaduro\Collision\Writer->write(Object(Whoops\Exception\Inspector))
#13 /Users/macbook/Downloads/Fixr/vendor/filp/whoops/src/Whoops/Run.php(370): NunoMaduro\Collision\Handler->handle(Object(Whoops\Exception\ErrorException))
#14 [internal function]: Whoops\Run->handleException(Object(Whoops\Exception\ErrorException))
#15 {main}
  thrown {"exception":"[object] (Symfony\\Component\\ErrorHandler\\Error\\FatalError(code: 0): Uncaught Whoops\\Exception\\ErrorException: Using ${var} in strings is deprecated, use {$var} instead in /Users/macbook/Downloads/Fixr/vendor/facade/ignition/src/SolutionProviders/MergeConflictSolutionProvider.php:52
Stack trace:
#0 /Users/macbook/Downloads/Fixr/vendor/composer/ClassLoader.php(571): Whoops\\Run->handleError(8192, 'Using ${var} in...', '/Users/macbook/...', 52)
#1 /Users/macbook/Downloads/Fixr/vendor/composer/ClassLoader.php(571): include()
#2 /Users/macbook/Downloads/Fixr/vendor/composer/ClassLoader.php(428): Composer\\Autoload\\includeFile('/Users/macbook/...')
#3 [internal function]: Composer\\Autoload\\ClassLoader->loadClass('Facade\\\\Ignition...')
#4 /Users/macbook/Downloads/Fixr/vendor/facade/ignition/src/SolutionProviders/SolutionProviderRepository.php(50): class_implements('Facade\\\\Ignition...')
#5 [internal function]: Facade\\Ignition\\SolutionProviders\\SolutionProviderRepository->Facade\\Ignition\\SolutionProviders\\{closure}('Facade\\\\Ignition...', 10)
#6 /Users/macbook/Downloads/Fixr/vendor/laravel/framework/src/Illuminate/Collections/Arr.php(700): array_filter(Array, Object(Closure), 1)
#7 /Users/macbook/Downloads/Fixr/vendor/laravel/framework/src/Illuminate/Collections/Collection.php(345): Illuminate\\Support\\Arr::where(Array, Object(Closure))
#8 /Users/macbook/Downloads/Fixr/vendor/facade/ignition/src/SolutionProviders/SolutionProviderRepository.php(49): Illuminate\\Support\\Collection->filter(Object(Closure))
#9 /Users/macbook/Downloads/Fixr/vendor/nunomaduro/collision/src/Adapters/Laravel/IgnitionSolutionsRepository.php(36): Facade\\Ignition\\SolutionProviders\\SolutionProviderRepository->getSolutionsForThrowable(Object(Whoops\\Exception\\ErrorException))
#10 /Users/macbook/Downloads/Fixr/vendor/nunomaduro/collision/src/Writer.php(244): NunoMaduro\\Collision\\Adapters\\Laravel\\IgnitionSolutionsRepository->getFromThrowable(Object(Whoops\\Exception\\ErrorException))
#11 /Users/macbook/Downloads/Fixr/vendor/nunomaduro/collision/src/Writer.php(123): NunoMaduro\\Collision\\Writer->renderSolution(Object(Whoops\\Exception\\Inspector))
#12 /Users/macbook/Downloads/Fixr/vendor/nunomaduro/collision/src/Handler.php(39): NunoMaduro\\Collision\\Writer->write(Object(Whoops\\Exception\\Inspector))
#13 /Users/macbook/Downloads/Fixr/vendor/filp/whoops/src/Whoops/Run.php(370): NunoMaduro\\Collision\\Handler->handle(Object(Whoops\\Exception\\ErrorException))
#14 [internal function]: Whoops\\Run->handleException(Object(Whoops\\Exception\\ErrorException))
#15 {main}
  thrown at /Users/macbook/Downloads/Fixr/vendor/facade/ignition/src/SolutionProviders/MergeConflictSolutionProvider.php:52)
[stacktrace]
#0 {main}
"} 
[2024-11-20 19:02:58] local.ERROR: include(/Applications/XAMPP/xamppfiles/htdocs/Fixr/vendor/composer/../../app/Http/Controllers/vendor/Chatify/MessagesController.php): Failed to open stream: No such file or directory {"exception":"[object] (ErrorException(code: 0): include(/Applications/XAMPP/xamppfiles/htdocs/Fixr/vendor/composer/../../app/Http/Controllers/vendor/Chatify/MessagesController.php): Failed to open stream: No such file or directory at /Applications/XAMPP/xamppfiles/htdocs/Fixr/vendor/composer/ClassLoader.php:571)
[stacktrace]
#0 /Applications/XAMPP/xamppfiles/htdocs/Fixr/vendor/composer/ClassLoader.php(571): Illuminate\\Foundation\\Bootstrap\\HandleExceptions->handleError(2, 'include(/Applic...', '/Applications/X...', 571)
#1 /Applications/XAMPP/xamppfiles/htdocs/Fixr/vendor/composer/ClassLoader.php(571): include()
#2 /Applications/XAMPP/xamppfiles/htdocs/Fixr/vendor/composer/ClassLoader.php(428): Composer\\Autoload\\includeFile('/Applications/X...')
#3 [internal function]: Composer\\Autoload\\ClassLoader->loadClass('App\\\\Http\\\\Contro...')
#4 /Applications/XAMPP/xamppfiles/htdocs/Fixr/vendor/laravel/framework/src/Illuminate/Container/Container.php(877): ReflectionClass->__construct('App\\\\Http\\\\Contro...')
#5 /Applications/XAMPP/xamppfiles/htdocs/Fixr/vendor/laravel/framework/src/Illuminate/Container/Container.php(758): Illuminate\\Container\\Container->build('App\\\\Http\\\\Contro...')
#6 /Applications/XAMPP/xamppfiles/htdocs/Fixr/vendor/laravel/framework/src/Illuminate/Foundation/Application.php(841): Illuminate\\Container\\Container->resolve('App\\\\Http\\\\Contro...', Array, true)
#7 /Applications/XAMPP/xamppfiles/htdocs/Fixr/vendor/laravel/framework/src/Illuminate/Container/Container.php(694): Illuminate\\Foundation\\Application->resolve('App\\\\Http\\\\Contro...', Array)
#8 /Applications/XAMPP/xamppfiles/htdocs/Fixr/vendor/laravel/framework/src/Illuminate/Foundation/Application.php(826): Illuminate\\Container\\Container->make('App\\\\Http\\\\Contro...', Array)
#9 /Applications/XAMPP/xamppfiles/htdocs/Fixr/vendor/laravel/framework/src/Illuminate/Routing/Route.php(276): Illuminate\\Foundation\\Application->make('App\\\\Http\\\\Contro...')
#10 /Applications/XAMPP/xamppfiles/htdocs/Fixr/vendor/laravel/framework/src/Illuminate/Routing/Route.php(1069): Illuminate\\Routing\\Route->getController()
#11 /Applications/XAMPP/xamppfiles/htdocs/Fixr/vendor/laravel/framework/src/Illuminate/Routing/Route.php(1012): Illuminate\\Routing\\Route->controllerMiddleware()
#12 /Applications/XAMPP/xamppfiles/htdocs/Fixr/vendor/laravel/framework/src/Illuminate/Routing/Router.php(708): Illuminate\\Routing\\Route->gatherMiddleware()
#13 /Applications/XAMPP/xamppfiles/htdocs/Fixr/vendor/laravel/framework/src/Illuminate/Foundation/Console/RouteListCommand.php(175): Illuminate\\Routing\\Router->gatherRouteMiddleware(Object(Illuminate\\Routing\\Route))
#14 /Applications/XAMPP/xamppfiles/htdocs/Fixr/vendor/laravel/framework/src/Illuminate/Foundation/Console/RouteListCommand.php(119): Illuminate\\Foundation\\Console\\RouteListCommand->getMiddleware(Object(Illuminate\\Routing\\Route))
#15 /Applications/XAMPP/xamppfiles/htdocs/Fixr/vendor/laravel/framework/src/Illuminate/Foundation/Console/RouteListCommand.php(91): Illuminate\\Foundation\\Console\\RouteListCommand->getRouteInformation(Object(Illuminate\\Routing\\Route))
#16 [internal function]: Illuminate\\Foundation\\Console\\RouteListCommand->Illuminate\\Foundation\\Console\\{closure}(Object(Illuminate\\Routing\\Route), 8)
#17 /Applications/XAMPP/xamppfiles/htdocs/Fixr/vendor/laravel/framework/src/Illuminate/Collections/Collection.php(664): array_map(Object(Closure), Array, Array)
#18 /Applications/XAMPP/xamppfiles/htdocs/Fixr/vendor/laravel/framework/src/Illuminate/Foundation/Console/RouteListCommand.php(92): Illuminate\\Support\\Collection->map(Object(Closure))
#19 /Applications/XAMPP/xamppfiles/htdocs/Fixr/vendor/laravel/framework/src/Illuminate/Foundation/Console/RouteListCommand.php(76): Illuminate\\Foundation\\Console\\RouteListCommand->getRoutes()
#20 /Applications/XAMPP/xamppfiles/htdocs/Fixr/vendor/laravel/framework/src/Illuminate/Container/BoundMethod.php(36): Illuminate\\Foundation\\Console\\RouteListCommand->handle()
#21 /Applications/XAMPP/xamppfiles/htdocs/Fixr/vendor/laravel/framework/src/Illuminate/Container/Util.php(40): Illuminate\\Container\\BoundMethod::Illuminate\\Container\\{closure}()
#22 /Applications/XAMPP/xamppfiles/htdocs/Fixr/vendor/laravel/framework/src/Illuminate/Container/BoundMethod.php(93): Illuminate\\Container\\Util::unwrapIfClosure(Object(Closure))
#23 /Applications/XAMPP/xamppfiles/htdocs/Fixr/vendor/laravel/framework/src/Illuminate/Container/BoundMethod.php(37): Illuminate\\Container\\BoundMethod::callBoundMethod(Object(Illuminate\\Foundation\\Application), Array, Object(Closure))
#24 /Applications/XAMPP/xamppfiles/htdocs/Fixr/vendor/laravel/framework/src/Illuminate/Container/Container.php(653): Illuminate\\Container\\BoundMethod::call(Object(Illuminate\\Foundation\\Application), Array, Array, NULL)
#25 /Applications/XAMPP/xamppfiles/htdocs/Fixr/vendor/laravel/framework/src/Illuminate/Console/Command.php(136): Illuminate\\Container\\Container->call(Array)
#26 /Applications/XAMPP/xamppfiles/htdocs/Fixr/vendor/symfony/console/Command/Command.php(299): Illuminate\\Console\\Command->execute(Object(Symfony\\Component\\Console\\Input\\ArgvInput), Object(Illuminate\\Console\\OutputStyle))
#27 /Applications/XAMPP/xamppfiles/htdocs/Fixr/vendor/laravel/framework/src/Illuminate/Console/Command.php(121): Symfony\\Component\\Console\\Command\\Command->run(Object(Symfony\\Component\\Console\\Input\\ArgvInput), Object(Illuminate\\Console\\OutputStyle))
#28 /Applications/XAMPP/xamppfiles/htdocs/Fixr/vendor/symfony/console/Application.php(978): Illuminate\\Console\\Command->run(Object(Symfony\\Component\\Console\\Input\\ArgvInput), Object(Symfony\\Component\\Console\\Output\\ConsoleOutput))
#29 /Applications/XAMPP/xamppfiles/htdocs/Fixr/vendor/symfony/console/Application.php(295): Symfony\\Component\\Console\\Application->doRunCommand(Object(Illuminate\\Foundation\\Console\\RouteListCommand), Object(Symfony\\Component\\Console\\Input\\ArgvInput), Object(Symfony\\Component\\Console\\Output\\ConsoleOutput))
#30 /Applications/XAMPP/xamppfiles/htdocs/Fixr/vendor/symfony/console/Application.php(167): Symfony\\Component\\Console\\Application->doRun(Object(Symfony\\Component\\Console\\Input\\ArgvInput), Object(Symfony\\Component\\Console\\Output\\ConsoleOutput))
#31 /Applications/XAMPP/xamppfiles/htdocs/Fixr/vendor/laravel/framework/src/Illuminate/Console/Application.php(94): Symfony\\Component\\Console\\Application->run(Object(Symfony\\Component\\Console\\Input\\ArgvInput), Object(Symfony\\Component\\Console\\Output\\ConsoleOutput))
#32 /Applications/XAMPP/xamppfiles/htdocs/Fixr/vendor/laravel/framework/src/Illuminate/Foundation/Console/Kernel.php(129): Illuminate\\Console\\Application->run(Object(Symfony\\Component\\Console\\Input\\ArgvInput), Object(Symfony\\Component\\Console\\Output\\ConsoleOutput))
#33 /Applications/XAMPP/xamppfiles/htdocs/Fixr/artisan(37): Illuminate\\Foundation\\Console\\Kernel->handle(Object(Symfony\\Component\\Console\\Input\\ArgvInput), Object(Symfony\\Component\\Console\\Output\\ConsoleOutput))
#34 {main}
"} 
[2024-11-20 19:03:00] local.ERROR: include(/Applications/XAMPP/xamppfiles/htdocs/Fixr/vendor/composer/../../app/Http/Controllers/vendor/Chatify/MessagesController.php): Failed to open stream: No such file or directory {"exception":"[object] (ErrorException(code: 0): include(/Applications/XAMPP/xamppfiles/htdocs/Fixr/vendor/composer/../../app/Http/Controllers/vendor/Chatify/MessagesController.php): Failed to open stream: No such file or directory at /Applications/XAMPP/xamppfiles/htdocs/Fixr/vendor/composer/ClassLoader.php:571)
[stacktrace]
#0 /Applications/XAMPP/xamppfiles/htdocs/Fixr/vendor/composer/ClassLoader.php(571): Illuminate\\Foundation\\Bootstrap\\HandleExceptions->handleError(2, 'include(/Applic...', '/Applications/X...', 571)
#1 /Applications/XAMPP/xamppfiles/htdocs/Fixr/vendor/composer/ClassLoader.php(571): include()
#2 /Applications/XAMPP/xamppfiles/htdocs/Fixr/vendor/composer/ClassLoader.php(428): Composer\\Autoload\\includeFile('/Applications/X...')
#3 [internal function]: Composer\\Autoload\\ClassLoader->loadClass('App\\\\Http\\\\Contro...')
#4 /Applications/XAMPP/xamppfiles/htdocs/Fixr/vendor/laravel/framework/src/Illuminate/Container/Container.php(877): ReflectionClass->__construct('App\\\\Http\\\\Contro...')
#5 /Applications/XAMPP/xamppfiles/htdocs/Fixr/vendor/laravel/framework/src/Illuminate/Container/Container.php(758): Illuminate\\Container\\Container->build('App\\\\Http\\\\Contro...')
#6 /Applications/XAMPP/xamppfiles/htdocs/Fixr/vendor/laravel/framework/src/Illuminate/Foundation/Application.php(841): Illuminate\\Container\\Container->resolve('App\\\\Http\\\\Contro...', Array, true)
#7 /Applications/XAMPP/xamppfiles/htdocs/Fixr/vendor/laravel/framework/src/Illuminate/Container/Container.php(694): Illuminate\\Foundation\\Application->resolve('App\\\\Http\\\\Contro...', Array)
#8 /Applications/XAMPP/xamppfiles/htdocs/Fixr/vendor/laravel/framework/src/Illuminate/Foundation/Application.php(826): Illuminate\\Container\\Container->make('App\\\\Http\\\\Contro...', Array)
#9 /Applications/XAMPP/xamppfiles/htdocs/Fixr/vendor/laravel/framework/src/Illuminate/Routing/Route.php(276): Illuminate\\Foundation\\Application->make('App\\\\Http\\\\Contro...')
#10 /Applications/XAMPP/xamppfiles/htdocs/Fixr/vendor/laravel/framework/src/Illuminate/Routing/Route.php(1069): Illuminate\\Routing\\Route->getController()
#11 /Applications/XAMPP/xamppfiles/htdocs/Fixr/vendor/laravel/framework/src/Illuminate/Routing/Route.php(1012): Illuminate\\Routing\\Route->controllerMiddleware()
#12 /Applications/XAMPP/xamppfiles/htdocs/Fixr/vendor/laravel/framework/src/Illuminate/Routing/Router.php(708): Illuminate\\Routing\\Route->gatherMiddleware()
#13 /Applications/XAMPP/xamppfiles/htdocs/Fixr/vendor/laravel/framework/src/Illuminate/Foundation/Console/RouteListCommand.php(175): Illuminate\\Routing\\Router->gatherRouteMiddleware(Object(Illuminate\\Routing\\Route))
#14 /Applications/XAMPP/xamppfiles/htdocs/Fixr/vendor/laravel/framework/src/Illuminate/Foundation/Console/RouteListCommand.php(119): Illuminate\\Foundation\\Console\\RouteListCommand->getMiddleware(Object(Illuminate\\Routing\\Route))
#15 /Applications/XAMPP/xamppfiles/htdocs/Fixr/vendor/laravel/framework/src/Illuminate/Foundation/Console/RouteListCommand.php(91): Illuminate\\Foundation\\Console\\RouteListCommand->getRouteInformation(Object(Illuminate\\Routing\\Route))
#16 [internal function]: Illuminate\\Foundation\\Console\\RouteListCommand->Illuminate\\Foundation\\Console\\{closure}(Object(Illuminate\\Routing\\Route), 8)
#17 /Applications/XAMPP/xamppfiles/htdocs/Fixr/vendor/laravel/framework/src/Illuminate/Collections/Collection.php(664): array_map(Object(Closure), Array, Array)
#18 /Applications/XAMPP/xamppfiles/htdocs/Fixr/vendor/laravel/framework/src/Illuminate/Foundation/Console/RouteListCommand.php(92): Illuminate\\Support\\Collection->map(Object(Closure))
#19 /Applications/XAMPP/xamppfiles/htdocs/Fixr/vendor/laravel/framework/src/Illuminate/Foundation/Console/RouteListCommand.php(76): Illuminate\\Foundation\\Console\\RouteListCommand->getRoutes()
#20 /Applications/XAMPP/xamppfiles/htdocs/Fixr/vendor/laravel/framework/src/Illuminate/Container/BoundMethod.php(36): Illuminate\\Foundation\\Console\\RouteListCommand->handle()
#21 /Applications/XAMPP/xamppfiles/htdocs/Fixr/vendor/laravel/framework/src/Illuminate/Container/Util.php(40): Illuminate\\Container\\BoundMethod::Illuminate\\Container\\{closure}()
#22 /Applications/XAMPP/xamppfiles/htdocs/Fixr/vendor/laravel/framework/src/Illuminate/Container/BoundMethod.php(93): Illuminate\\Container\\Util::unwrapIfClosure(Object(Closure))
#23 /Applications/XAMPP/xamppfiles/htdocs/Fixr/vendor/laravel/framework/src/Illuminate/Container/BoundMethod.php(37): Illuminate\\Container\\BoundMethod::callBoundMethod(Object(Illuminate\\Foundation\\Application), Array, Object(Closure))
#24 /Applications/XAMPP/xamppfiles/htdocs/Fixr/vendor/laravel/framework/src/Illuminate/Container/Container.php(653): Illuminate\\Container\\BoundMethod::call(Object(Illuminate\\Foundation\\Application), Array, Array, NULL)
#25 /Applications/XAMPP/xamppfiles/htdocs/Fixr/vendor/laravel/framework/src/Illuminate/Console/Command.php(136): Illuminate\\Container\\Container->call(Array)
#26 /Applications/XAMPP/xamppfiles/htdocs/Fixr/vendor/symfony/console/Command/Command.php(299): Illuminate\\Console\\Command->execute(Object(Symfony\\Component\\Console\\Input\\ArgvInput), Object(Illuminate\\Console\\OutputStyle))
#27 /Applications/XAMPP/xamppfiles/htdocs/Fixr/vendor/laravel/framework/src/Illuminate/Console/Command.php(121): Symfony\\Component\\Console\\Command\\Command->run(Object(Symfony\\Component\\Console\\Input\\ArgvInput), Object(Illuminate\\Console\\OutputStyle))
#28 /Applications/XAMPP/xamppfiles/htdocs/Fixr/vendor/symfony/console/Application.php(978): Illuminate\\Console\\Command->run(Object(Symfony\\Component\\Console\\Input\\ArgvInput), Object(Symfony\\Component\\Console\\Output\\ConsoleOutput))
#29 /Applications/XAMPP/xamppfiles/htdocs/Fixr/vendor/symfony/console/Application.php(295): Symfony\\Component\\Console\\Application->doRunCommand(Object(Illuminate\\Foundation\\Console\\RouteListCommand), Object(Symfony\\Component\\Console\\Input\\ArgvInput), Object(Symfony\\Component\\Console\\Output\\ConsoleOutput))
#30 /Applications/XAMPP/xamppfiles/htdocs/Fixr/vendor/symfony/console/Application.php(167): Symfony\\Component\\Console\\Application->doRun(Object(Symfony\\Component\\Console\\Input\\ArgvInput), Object(Symfony\\Component\\Console\\Output\\ConsoleOutput))
#31 /Applications/XAMPP/xamppfiles/htdocs/Fixr/vendor/laravel/framework/src/Illuminate/Console/Application.php(94): Symfony\\Component\\Console\\Application->run(Object(Symfony\\Component\\Console\\Input\\ArgvInput), Object(Symfony\\Component\\Console\\Output\\ConsoleOutput))
#32 /Applications/XAMPP/xamppfiles/htdocs/Fixr/vendor/laravel/framework/src/Illuminate/Foundation/Console/Kernel.php(129): Illuminate\\Console\\Application->run(Object(Symfony\\Component\\Console\\Input\\ArgvInput), Object(Symfony\\Component\\Console\\Output\\ConsoleOutput))
#33 /Applications/XAMPP/xamppfiles/htdocs/Fixr/artisan(37): Illuminate\\Foundation\\Console\\Kernel->handle(Object(Symfony\\Component\\Console\\Input\\ArgvInput), Object(Symfony\\Component\\Console\\Output\\ConsoleOutput))
#34 {main}
"} 
[2024-11-20 19:03:03] local.ERROR: include(/Applications/XAMPP/xamppfiles/htdocs/Fixr/vendor/composer/../../app/Http/Controllers/vendor/Chatify/MessagesController.php): Failed to open stream: No such file or directory {"exception":"[object] (ErrorException(code: 0): include(/Applications/XAMPP/xamppfiles/htdocs/Fixr/vendor/composer/../../app/Http/Controllers/vendor/Chatify/MessagesController.php): Failed to open stream: No such file or directory at /Applications/XAMPP/xamppfiles/htdocs/Fixr/vendor/composer/ClassLoader.php:571)
[stacktrace]
#0 /Applications/XAMPP/xamppfiles/htdocs/Fixr/vendor/composer/ClassLoader.php(571): Illuminate\\Foundation\\Bootstrap\\HandleExceptions->handleError(2, 'include(/Applic...', '/Applications/X...', 571)
#1 /Applications/XAMPP/xamppfiles/htdocs/Fixr/vendor/composer/ClassLoader.php(571): include()
#2 /Applications/XAMPP/xamppfiles/htdocs/Fixr/vendor/composer/ClassLoader.php(428): Composer\\Autoload\\includeFile('/Applications/X...')
#3 [internal function]: Composer\\Autoload\\ClassLoader->loadClass('App\\\\Http\\\\Contro...')
#4 /Applications/XAMPP/xamppfiles/htdocs/Fixr/vendor/laravel/framework/src/Illuminate/Container/Container.php(877): ReflectionClass->__construct('App\\\\Http\\\\Contro...')
#5 /Applications/XAMPP/xamppfiles/htdocs/Fixr/vendor/laravel/framework/src/Illuminate/Container/Container.php(758): Illuminate\\Container\\Container->build('App\\\\Http\\\\Contro...')
#6 /Applications/XAMPP/xamppfiles/htdocs/Fixr/vendor/laravel/framework/src/Illuminate/Foundation/Application.php(841): Illuminate\\Container\\Container->resolve('App\\\\Http\\\\Contro...', Array, true)
#7 /Applications/XAMPP/xamppfiles/htdocs/Fixr/vendor/laravel/framework/src/Illuminate/Container/Container.php(694): Illuminate\\Foundation\\Application->resolve('App\\\\Http\\\\Contro...', Array)
#8 /Applications/XAMPP/xamppfiles/htdocs/Fixr/vendor/laravel/framework/src/Illuminate/Foundation/Application.php(826): Illuminate\\Container\\Container->make('App\\\\Http\\\\Contro...', Array)
#9 /Applications/XAMPP/xamppfiles/htdocs/Fixr/vendor/laravel/framework/src/Illuminate/Routing/Route.php(276): Illuminate\\Foundation\\Application->make('App\\\\Http\\\\Contro...')
#10 /Applications/XAMPP/xamppfiles/htdocs/Fixr/vendor/laravel/framework/src/Illuminate/Routing/Route.php(1069): Illuminate\\Routing\\Route->getController()
#11 /Applications/XAMPP/xamppfiles/htdocs/Fixr/vendor/laravel/framework/src/Illuminate/Routing/Route.php(1012): Illuminate\\Routing\\Route->controllerMiddleware()
#12 /Applications/XAMPP/xamppfiles/htdocs/Fixr/vendor/laravel/framework/src/Illuminate/Routing/Router.php(708): Illuminate\\Routing\\Route->gatherMiddleware()
#13 /Applications/XAMPP/xamppfiles/htdocs/Fixr/vendor/laravel/framework/src/Illuminate/Foundation/Console/RouteListCommand.php(175): Illuminate\\Routing\\Router->gatherRouteMiddleware(Object(Illuminate\\Routing\\Route))
#14 /Applications/XAMPP/xamppfiles/htdocs/Fixr/vendor/laravel/framework/src/Illuminate/Foundation/Console/RouteListCommand.php(119): Illuminate\\Foundation\\Console\\RouteListCommand->getMiddleware(Object(Illuminate\\Routing\\Route))
#15 /Applications/XAMPP/xamppfiles/htdocs/Fixr/vendor/laravel/framework/src/Illuminate/Foundation/Console/RouteListCommand.php(91): Illuminate\\Foundation\\Console\\RouteListCommand->getRouteInformation(Object(Illuminate\\Routing\\Route))
#16 [internal function]: Illuminate\\Foundation\\Console\\RouteListCommand->Illuminate\\Foundation\\Console\\{closure}(Object(Illuminate\\Routing\\Route), 8)
#17 /Applications/XAMPP/xamppfiles/htdocs/Fixr/vendor/laravel/framework/src/Illuminate/Collections/Collection.php(664): array_map(Object(Closure), Array, Array)
#18 /Applications/XAMPP/xamppfiles/htdocs/Fixr/vendor/laravel/framework/src/Illuminate/Foundation/Console/RouteListCommand.php(92): Illuminate\\Support\\Collection->map(Object(Closure))
#19 /Applications/XAMPP/xamppfiles/htdocs/Fixr/vendor/laravel/framework/src/Illuminate/Foundation/Console/RouteListCommand.php(76): Illuminate\\Foundation\\Console\\RouteListCommand->getRoutes()
#20 /Applications/XAMPP/xamppfiles/htdocs/Fixr/vendor/laravel/framework/src/Illuminate/Container/BoundMethod.php(36): Illuminate\\Foundation\\Console\\RouteListCommand->handle()
#21 /Applications/XAMPP/xamppfiles/htdocs/Fixr/vendor/laravel/framework/src/Illuminate/Container/Util.php(40): Illuminate\\Container\\BoundMethod::Illuminate\\Container\\{closure}()
#22 /Applications/XAMPP/xamppfiles/htdocs/Fixr/vendor/laravel/framework/src/Illuminate/Container/BoundMethod.php(93): Illuminate\\Container\\Util::unwrapIfClosure(Object(Closure))
#23 /Applications/XAMPP/xamppfiles/htdocs/Fixr/vendor/laravel/framework/src/Illuminate/Container/BoundMethod.php(37): Illuminate\\Container\\BoundMethod::callBoundMethod(Object(Illuminate\\Foundation\\Application), Array, Object(Closure))
#24 /Applications/XAMPP/xamppfiles/htdocs/Fixr/vendor/laravel/framework/src/Illuminate/Container/Container.php(653): Illuminate\\Container\\BoundMethod::call(Object(Illuminate\\Foundation\\Application), Array, Array, NULL)
#25 /Applications/XAMPP/xamppfiles/htdocs/Fixr/vendor/laravel/framework/src/Illuminate/Console/Command.php(136): Illuminate\\Container\\Container->call(Array)
#26 /Applications/XAMPP/xamppfiles/htdocs/Fixr/vendor/symfony/console/Command/Command.php(299): Illuminate\\Console\\Command->execute(Object(Symfony\\Component\\Console\\Input\\ArgvInput), Object(Illuminate\\Console\\OutputStyle))
#27 /Applications/XAMPP/xamppfiles/htdocs/Fixr/vendor/laravel/framework/src/Illuminate/Console/Command.php(121): Symfony\\Component\\Console\\Command\\Command->run(Object(Symfony\\Component\\Console\\Input\\ArgvInput), Object(Illuminate\\Console\\OutputStyle))
#28 /Applications/XAMPP/xamppfiles/htdocs/Fixr/vendor/symfony/console/Application.php(978): Illuminate\\Console\\Command->run(Object(Symfony\\Component\\Console\\Input\\ArgvInput), Object(Symfony\\Component\\Console\\Output\\ConsoleOutput))
#29 /Applications/XAMPP/xamppfiles/htdocs/Fixr/vendor/symfony/console/Application.php(295): Symfony\\Component\\Console\\Application->doRunCommand(Object(Illuminate\\Foundation\\Console\\RouteListCommand), Object(Symfony\\Component\\Console\\Input\\ArgvInput), Object(Symfony\\Component\\Console\\Output\\ConsoleOutput))
#30 /Applications/XAMPP/xamppfiles/htdocs/Fixr/vendor/symfony/console/Application.php(167): Symfony\\Component\\Console\\Application->doRun(Object(Symfony\\Component\\Console\\Input\\ArgvInput), Object(Symfony\\Component\\Console\\Output\\ConsoleOutput))
#31 /Applications/XAMPP/xamppfiles/htdocs/Fixr/vendor/laravel/framework/src/Illuminate/Console/Application.php(94): Symfony\\Component\\Console\\Application->run(Object(Symfony\\Component\\Console\\Input\\ArgvInput), Object(Symfony\\Component\\Console\\Output\\ConsoleOutput))
#32 /Applications/XAMPP/xamppfiles/htdocs/Fixr/vendor/laravel/framework/src/Illuminate/Foundation/Console/Kernel.php(129): Illuminate\\Console\\Application->run(Object(Symfony\\Component\\Console\\Input\\ArgvInput), Object(Symfony\\Component\\Console\\Output\\ConsoleOutput))
#33 /Applications/XAMPP/xamppfiles/htdocs/Fixr/artisan(37): Illuminate\\Foundation\\Console\\Kernel->handle(Object(Symfony\\Component\\Console\\Input\\ArgvInput), Object(Symfony\\Component\\Console\\Output\\ConsoleOutput))
#34 {main}
"} 
